http: [GET] /loggerTest
debug: Esto es un mensaje de depuraci贸n.
info: Esto es un mensaje de informaci贸n.
warning: Esto es una advertencia.
error: Esto es un error.
debug: Esto es un mensaje de depuraci贸n.
info: Esto es un mensaje de informaci贸n.
warning: Esto es una advertencia.
error: Esto es un error.
info: Servidor ok en el puerto 8080
info: Servidor ok en el puerto 8080
info: Servidor ok en el puerto 8080
info: Servidor ok en el puerto 8080
info: Servidor ok en el puerto 8080
info: Servidor ok en el puerto 8080
info: Servidor ok en el puerto 8080
info: Servidor ok en el puerto 8080
info: Servidor ok en el puerto 8080
info: Servidor ok en el puerto 8080
info: Servidor ok en el puerto 8080
info: Servidor ok en el puerto 8080
info: Servidor ok en el puerto 8080
info: Servidor ok en el puerto 8080
info: Servidor ok en el puerto 8080
info: Servidor ok en el puerto 8080
info: Servidor ok en el puerto 8080
info: Servidor ok en el puerto 8080
info: Servidor ok en el puerto 8080
info: Servidor ok en el puerto 8080
info: Servidor ok en el puerto 8080
info: Servidor ok en el puerto 8080
info: Servidor ok en el puerto 8080
info: Servidor ok en el puerto 8080
info: Servidor ok en el puerto 8080
info: Servidor ok en el puerto 8080
info: Servidor ok en el puerto 8080
info: Servidor ok en el puerto 8080
info: Servidor ok en el puerto 8080
info: Servidor ok en el puerto 8080
info: Servidor ok en el puerto 8080
info: Servidor ok en el puerto 8080
info: Servidor ok en el puerto 8080
info: Servidor ok en el puerto 8080
info: Servidor ok en el puerto 8080
info: Servidor ok en el puerto 8080
info: Servidor ok en el puerto 8080
info: Servidor ok en el puerto 8080
info: Servidor ok en el puerto 8080
info: Servidor ok en el puerto 8080
info: Servidor ok en el puerto 8080
info: Servidor ok en el puerto 8080
info: Servidor ok en el puerto 8080
info: Servidor ok en el puerto 8080
info: Servidor ok en el puerto 8080
info: Servidor ok en el puerto 8080
info: Servidor ok en el puerto 8080
info: Servidor ok en el puerto 8080
info: Servidor ok en el puerto 8080
info: Servidor ok en el puerto 8080
info: Servidor ok en el puerto 8080
info: Servidor ok en el puerto 8080
info: Nuevo cliente conectado 0fEvgS9LwA_B54oQAAAB
info: Servidor ok en el puerto 8080
info: Servidor ok en el puerto 8080
info: Servidor ok en el puerto 8080
info: Servidor ok en el puerto 8080
info: Servidor ok en el puerto 8080
info: Servidor ok en el puerto 8080
info: Servidor ok en el puerto 8080
info: Servidor ok en el puerto 8080
info: Servidor ok en el puerto 8080
info: Servidor ok en el puerto 8080
info: Servidor ok en el puerto 8080
info: Servidor ok en el puerto 8080
info: Servidor ok en el puerto 8080
info: Servidor ok en el puerto 8080
info: Servidor ok en el puerto 8080
info: Servidor ok en el puerto 8080
info: Servidor ok en el puerto 8080
info: Servidor ok en el puerto 8080
info: Servidor ok en el puerto 8080
info: Servidor ok en el puerto 8080
info: Servidor ok en el puerto 8080
info: Servidor ok en el puerto 8080
info: Servidor ok en el puerto 8080
info: Servidor ok en el puerto 8080
info: Servidor ok en el puerto 8080
info: Servidor ok en el puerto 8080
info: Servidor ok en el puerto 8080
info: Servidor ok en el puerto 8080
info: Servidor ok en el puerto 8080
info: Servidor ok en el puerto 8080
info: Servidor ok en el puerto 8080
info: Servidor ok en el puerto 8080
info: Servidor ok en el puerto 8080
info: Servidor ok en el puerto 8080
info: Servidor ok en el puerto 8080
info: Servidor ok en el puerto 8080
info: Servidor ok en el puerto 8080
info: Servidor ok en el puerto 8080
info: Servidor ok en el puerto 8080
info: Servidor ok en el puerto 8080
info: Servidor ok en el puerto 8080
info: Servidor ok en el puerto 8080
info: Servidor ok en el puerto 8080
info: Servidor ok en el puerto 8080
info: Servidor ok en el puerto 8080
info: Servidor ok en el puerto 8080
info: Servidor ok en el puerto 8080
info: Servidor ok en el puerto 8080
info: Servidor ok en el puerto 8080
info: Servidor ok en el puerto 8080
info: Servidor ok en el puerto 8080
info: Servidor ok en el puerto 8080
info: Servidor ok en el puerto 8080
info: Servidor ok en el puerto 8080
info: Servidor ok en el puerto 8080
info: Servidor ok en el puerto 8080
info: Servidor ok en el puerto 8080
info: Servidor ok en el puerto 8080
info: Servidor ok en el puerto 8080
info: Servidor ok en el puerto 8080
info: Servidor ok en el puerto 8080
info: Servidor ok en el puerto 8080
info: Servidor ok en el puerto 8080
info: Servidor ok en el puerto 8080
info: Servidor ok en el puerto 8080
info: Servidor ok en el puerto 8080
info: Servidor ok en el puerto 8080
info: Servidor ok en el puerto 8080
info: Servidor ok en el puerto 8080
info: Servidor ok en el puerto 8080
info: Servidor ok en el puerto 8080
info: Servidor ok en el puerto 8080
info: Servidor ok en el puerto 8080
info: Servidor ok en el puerto 8080
info: Servidor ok en el puerto 8080
info: Servidor ok en el puerto 8080
info: Servidor ok en el puerto 8080
info: Servidor ok en el puerto 8080
info: Servidor ok en el puerto 8080
info: Servidor ok en el puerto 8080
info: Servidor ok en el puerto 8080
info: Servidor ok en el puerto 8080
info: Servidor ok en el puerto 8080
info: Servidor ok en el puerto 8080
info: Servidor ok en el puerto 8080
info: Servidor ok en el puerto 8080
info: Servidor ok en el puerto 8080
info: Servidor ok en el puerto 8080
info: Servidor ok en el puerto 8080
info: Servidor ok en el puerto 8080
info: Servidor ok en el puerto 8080
info: Servidor ok en el puerto 8080
info: Servidor ok en el puerto 8080
info: Servidor ok en el puerto 8080
info: Servidor ok en el puerto 8080
info: Servidor ok en el puerto 8080
info: Servidor ok en el puerto 8080
info: Servidor ok en el puerto 8080
info: Servidor ok en el puerto 8080
info: Servidor ok en el puerto 8080
info: Servidor ok en el puerto 8080
info: Servidor ok en el puerto 8080
info: Servidor ok en el puerto 8080
info: Servidor ok en el puerto 8080
info: Servidor ok en el puerto 8080
info: Servidor ok en el puerto 8080
info: Servidor ok en el puerto 8080
info: Servidor ok en el puerto 8080
info: Servidor ok en el puerto 8080
info: Servidor ok en el puerto 8080
info: Servidor ok en el puerto 8080
info: Servidor ok en el puerto 8080
info: Servidor ok en el puerto 8080
info: Servidor ok en el puerto 8080
info: Servidor ok en el puerto 8080
info: Servidor ok en el puerto 8080
info: Servidor ok en el puerto 8080
info: Servidor ok en el puerto 8080
info: Servidor ok en el puerto 8080
info: Servidor ok en el puerto 8080
info: Servidor ok en el puerto 8080
info: Servidor ok en el puerto 8080
info: Servidor ok en el puerto 8080
info: Servidor ok en el puerto 8080
info: Servidor ok en el puerto 8080
info: Servidor ok en el puerto 8080
info: Servidor ok en el puerto 8080
info: Servidor ok en el puerto 8080
info: Servidor ok en el puerto 8080
info: Servidor ok en el puerto 8080
info: Servidor ok en el puerto 8080
info: Servidor ok en el puerto 8080
info: Servidor ok en el puerto 8080
info: Servidor ok en el puerto 8080
info: Servidor ok en el puerto 8080
info: Servidor ok en el puerto 8080
info: Servidor ok en el puerto 8080
info: Servidor ok en el puerto 8080
info: Servidor ok en el puerto 8080
info: Servidor ok en el puerto 8080
info: Servidor ok en el puerto 8080
info: Servidor ok en el puerto 8080
info: Nuevo cliente conectado 3VaPfatUBdVxogLtAAAB
info: Servidor ok en el puerto 8080
info: Servidor ok en el puerto 8080
info: Servidor ok en el puerto 8080
info: Servidor ok en el puerto 8080
info: Nuevo cliente conectado SSFD9w1dhQvI8YDKAAAB
info: Nuevo cliente conectado rCclC-8ITzw8NyiMAAAD
info: Servidor ok en el puerto 8080
info: Servidor ok en el puerto 8080
info: Servidor ok en el puerto 8080
info: Servidor ok en el puerto 8080
info: Servidor ok en el puerto 8080
info: Servidor ok en el puerto 8080
info: Servidor ok en el puerto 8080
info: Servidor ok en el puerto 8080
info: Servidor ok en el puerto 8080
info: Servidor ok en el puerto 8080
info: Servidor ok en el puerto 8080
info: Servidor ok en el puerto 8080
info: Servidor ok en el puerto 8080
info: Servidor ok en el puerto 8080
info: Servidor ok en el puerto 8080
info: Servidor ok en el puerto 8080
info: Servidor ok en el puerto 8080
info: Servidor ok en el puerto 8080
info: Servidor ok en el puerto 8080
info: Servidor ok en el puerto 8080
info: Servidor ok en el puerto 8080
info: Servidor ok en el puerto 8080
info: Servidor ok en el puerto 8080
info: Servidor ok en el puerto 8080
info: Servidor ok en el puerto 8080
info: Servidor ok en el puerto 8080
info: Servidor ok en el puerto 8080
info: Servidor ok en el puerto 8080
info: Servidor ok en el puerto 8080
info: Servidor ok en el puerto 8080
info: Servidor ok en el puerto 8080
info: Servidor ok en el puerto 8080
info: Servidor ok en el puerto 8080
info: Servidor ok en el puerto 8080
info: Servidor ok en el puerto 8080
info: Servidor ok en el puerto 8080
info: Servidor ok en el puerto 8080
info: Servidor ok en el puerto 8080
info: Servidor ok en el puerto 8080
info: Servidor ok en el puerto 8080
info: Servidor ok en el puerto 8080
info: Servidor ok en el puerto 8080
info: Servidor ok en el puerto 8080
info: Servidor ok en el puerto 8080
info: Servidor ok en el puerto 8080
info: Servidor ok en el puerto 8080
info: Servidor ok en el puerto 8080
info: Servidor ok en el puerto 8080
info: Servidor ok en el puerto 8080
info: Servidor ok en el puerto 8080
info: Servidor ok en el puerto 8080
info: Servidor ok en el puerto 8080
info: Servidor ok en el puerto 8080
info: Servidor ok en el puerto 8080
info: Servidor ok en el puerto 8080
info: Servidor ok en el puerto 8080
info: Servidor ok en el puerto 8080
info: Servidor ok en el puerto 8080
info: Servidor ok en el puerto 8080
info: Servidor ok en el puerto 8080
info: Servidor ok en el puerto 8080
info: Servidor ok en el puerto 8080
info: Servidor ok en el puerto 8080
info: Servidor ok en el puerto 8080
info: Servidor ok en el puerto 8080
